2026-01-17 17:36:36,035 - INFO - HTTP Request: GET http://testserver/lab/os/self_heal/coverage "HTTP/1.1 404 Not Found"
Traceback (most recent call last):
  File "C:\MSR\MarketSniperRepo\backend\os_ops\iron_os.py", line 444, in get_coverage_report
    return CoverageSnapshot(entries=valid_entries).dict()
           ~~~~~~~~~~~~~~~~^^^^^^^^^^^^^^^^^^^^^^^
  File "C:\Users\Sergio B\AppData\Local\Programs\Python\Python314\Lib\site-packages\pydantic\main.py", line 250, in __init__
    validated_self = self.__pydantic_validator__.validate_python(data, self_instance=self)
                     ^^^^^^^^^^^^^^^^^^^^^^^^^^^^^^^^^^^^^^^^^^^
  File "C:\Users\Sergio B\AppData\Local\Programs\Python\Python314\Lib\site-packages\pydantic\_internal\_mock_val_ser.py", line 100, in __getattr__
    raise PydanticUserError(self._error_message, code=self._code)
pydantic.errors.PydanticUserError: `CoverageSnapshot` is not fully defined; you should define `List`, then call `CoverageSnapshot.model_rebuild()`.

For further information visit https://errors.pydantic.dev/2.12/u/class-not-fully-defined
Traceback (most recent call last):
  File "C:\MSR\MarketSniperRepo\backend\verify_coverage_proof.py", line 87, in <module>
    test_coverage_valid_artifact()
    ~~~~~~~~~~~~~~~~~~~~~~~~~~~~^^
  File "C:\MSR\MarketSniperRepo\backend\verify_coverage_proof.py", line 46, in test_coverage_valid_artifact
    assert snap is not None
           ^^^^^^^^^^^^^^^^
AssertionError
Running Coverage Verification...
PASS: Missing Artifact
DEBUG: Artifacts Root: C:\MSR\MarketSniperRepo\outputs
DEBUG: Writing to: C:\MSR\MarketSniperRepo\outputs\os\os_coverage.json
DEBUG: IronOS Exception: `CoverageSnapshot` is not fully defined; you should define `List`, then call `CoverageSnapshot.model_rebuild()`.

For further information visit https://errors.pydantic.dev/2.12/u/class-not-fully-defined
FAIL: 
